
2025-06-29 22:53:46,807 - INFO - Starting SDRTrunk Monitor for user: OhioRSN-Development
2025-06-29 22:53:46,807 - INFO - SDRTrunk path: C:\Users\OhioRSN-Development\SDRTrunk
2025-06-29 22:53:46,807 - INFO - Logs path: C:\Users\OhioRSN-Development\SDRTrunk\logs
2025-06-29 22:53:46,807 - INFO - Recordings path: C:\Users\OhioRSN-Development\SDRTrunk\recordings
2025-06-29 22:53:46,807 - INFO - Starting monitoring cycle
2025-06-29 22:53:46,807 - INFO - Audio monitoring is disabled by config.
2025-06-29 22:53:47,268 - INFO - SDRTrunk not found. Checked 88 processes.
2025-06-29 22:53:47,268 - WARNING - SDRTrunk is not running
2025-06-29 22:53:47,268 - WARNING - Conditions not met for heartbeat - skipping
2025-06-29 22:53:47,268 - INFO - Monitoring cycle completed
2025-06-29 22:53:59,302 - INFO - Monitoring stopped by user
2025-06-29 22:54:02,811 - INFO - Starting SDRTrunk Monitor for user: OhioRSN-Development
2025-06-29 22:54:02,811 - INFO - SDRTrunk path: C:\Users\OhioRSN-Development\SDRTrunk
2025-06-29 22:54:02,811 - INFO - Logs path: C:\Users\OhioRSN-Development\SDRTrunk\logs
2025-06-29 22:54:02,812 - INFO - Recordings path: C:\Users\OhioRSN-Development\SDRTrunk\recordings
2025-06-29 22:54:02,812 - INFO - Starting monitoring cycle
2025-06-29 22:54:02,812 - INFO - Audio monitoring is disabled by config.
2025-06-29 22:54:03,064 - INFO - Found SDRTrunk process: PID 4248, CMD: c:\users\ohiorsn-development\downloads\sdr-trunk-windows-x86_64-v0.6.1\sdr-trunk-windows-x86_64-v0.6...
2025-06-29 22:54:03,247 - INFO - Found SDRTrunk process: PID 4248, CMD: c:\users\ohiorsn-development\downloads\sdr-trunk-windows-x86_64-v0.6.1\sdr-trunk-windows-x86_64-v0.6...
2025-06-29 22:54:03,260 - ERROR - Error sending heartbeat: HTTPSConnectionPool(host='your-heartbeat-endpoint.com', port=443): Max retries exceeded with url: /heartbeat (Caused by NameResolutionError("<urllib3.connection.HTTPSConnection object at 0x000001F415539E80>: Failed to resolve 'your-heartbeat-endpoint.com' ([Errno 11001] getaddrinfo failed)"))
2025-06-29 22:54:03,260 - INFO - Monitoring cycle completed
2025-06-29 22:55:03,258 - INFO - Starting monitoring cycle
2025-06-29 22:55:03,258 - INFO - Audio monitoring is disabled by config.
2025-06-29 22:55:03,635 - INFO - SDRTrunk not found. Checked 88 processes.
2025-06-29 22:55:03,635 - WARNING - SDRTrunk is not running
2025-06-29 22:55:03,635 - WARNING - Conditions not met for heartbeat - skipping
2025-06-29 22:55:03,635 - INFO - Monitoring cycle completed
2025-06-29 22:56:03,633 - INFO - Starting monitoring cycle
2025-06-29 22:56:03,634 - INFO - Audio monitoring is disabled by config.
2025-06-29 22:56:03,960 - INFO - Found SDRTrunk process: PID 22564, CMD: c:\users\ohiorsn-development\downloads\sdr-trunk-windows-x86_64-v0.6.1\sdr-trunk-windows-x86_64-v0.6...
2025-06-29 22:56:04,282 - INFO - Found SDRTrunk process: PID 22564, CMD: c:\users\ohiorsn-development\downloads\sdr-trunk-windows-x86_64-v0.6.1\sdr-trunk-windows-x86_64-v0.6...
2025-06-29 22:56:04,292 - ERROR - Error sending heartbeat: HTTPSConnectionPool(host='your-heartbeat-endpoint.com', port=443): Max retries exceeded with url: /heartbeat (Caused by NameResolutionError("<urllib3.connection.HTTPSConnection object at 0x000001F415625810>: Failed to resolve 'your-heartbeat-endpoint.com' ([Errno 11001] getaddrinfo failed)"))
2025-06-29 22:56:04,292 - INFO - Monitoring cycle completed
2025-06-29 22:57:04,290 - INFO - Starting monitoring cycle
2025-06-29 22:57:04,290 - INFO - Audio monitoring is disabled by config.
2025-06-29 22:57:04,617 - INFO - Found SDRTrunk process: PID 22564, CMD: c:\users\ohiorsn-development\downloads\sdr-trunk-windows-x86_64-v0.6.1\sdr-trunk-windows-x86_64-v0.6...
2025-06-29 22:57:04,985 - INFO - Found SDRTrunk process: PID 22564, CMD: c:\users\ohiorsn-development\downloads\sdr-trunk-windows-x86_64-v0.6.1\sdr-trunk-windows-x86_64-v0.6...
2025-06-29 22:57:04,994 - ERROR - Error sending heartbeat: HTTPSConnectionPool(host='your-heartbeat-endpoint.com', port=443): Max retries exceeded with url: /heartbeat (Caused by NameResolutionError("<urllib3.connection.HTTPSConnection object at 0x000001F4155AD450>: Failed to resolve 'your-heartbeat-endpoint.com' ([Errno 11001] getaddrinfo failed)"))
2025-06-29 22:57:04,994 - INFO - Monitoring cycle completed
2025-06-29 22:58:04,993 - INFO - Starting monitoring cycle
2025-06-29 22:58:04,993 - INFO - Audio monitoring is disabled by config.
2025-06-29 22:58:05,297 - INFO - Found SDRTrunk process: PID 22564, CMD: c:\users\ohiorsn-development\downloads\sdr-trunk-windows-x86_64-v0.6.1\sdr-trunk-windows-x86_64-v0.6...
2025-06-29 22:58:05,602 - INFO - Found SDRTrunk process: PID 22564, CMD: c:\users\ohiorsn-development\downloads\sdr-trunk-windows-x86_64-v0.6.1\sdr-trunk-windows-x86_64-v0.6...
2025-06-29 22:58:05,608 - ERROR - Error sending heartbeat: HTTPSConnectionPool(host='your-heartbeat-endpoint.com', port=443): Max retries exceeded with url: /heartbeat (Caused by NameResolutionError("<urllib3.connection.HTTPSConnection object at 0x000001F4155AE0D0>: Failed to resolve 'your-heartbeat-endpoint.com' ([Errno 11001] getaddrinfo failed)"))
2025-06-29 22:58:05,609 - INFO - Monitoring cycle completed
2025-06-29 22:59:05,607 - INFO - Starting monitoring cycle
2025-06-29 22:59:05,608 - INFO - Audio monitoring is disabled by config.
2025-06-29 22:59:06,245 - INFO - Found SDRTrunk process: PID 22564, CMD: c:\users\ohiorsn-development\downloads\sdr-trunk-windows-x86_64-v0.6.1\sdr-trunk-windows-x86_64-v0.6...
2025-06-29 22:59:06,654 - INFO - Found SDRTrunk process: PID 22564, CMD: c:\users\ohiorsn-development\downloads\sdr-trunk-windows-x86_64-v0.6.1\sdr-trunk-windows-x86_64-v0.6...
2025-06-29 22:59:06,660 - ERROR - Error sending heartbeat: HTTPSConnectionPool(host='your-heartbeat-endpoint.com', port=443): Max retries exceeded with url: /heartbeat (Caused by NameResolutionError("<urllib3.connection.HTTPSConnection object at 0x000001F4155ADF90>: Failed to resolve 'your-heartbeat-endpoint.com' ([Errno 11001] getaddrinfo failed)"))
2025-06-29 22:59:06,660 - INFO - Monitoring cycle completed
2025-06-29 22:59:11,952 - INFO - Found SDRTrunk process: PID 22564, CMD: c:\users\ohiorsn-development\downloads\sdr-trunk-windows-x86_64-v0.6.1\sdr-trunk-windows-x86_64-v0.6...
2025-06-29 22:59:12,327 - INFO - Found SDRTrunk process: PID 22564, CMD: c:\users\ohiorsn-development\downloads\sdr-trunk-windows-x86_64-v0.6.1\sdr-trunk-windows-x86_64-v0.6...
2025-06-29 22:59:12,327 - INFO - Checking log file: C:\Users\OhioRSN-Development\SDRTrunk\logs\sdrtrunk_app.log
2025-06-29 22:59:12,329 - INFO - Found error keyword 'ERROR' in line: 20250629 225100.123 [AWT-EventQueue-0] ERROR i.g.d.audio.AudioManager - Audio error detected  [37MB/56MB 67%]
2025-06-29 22:59:12,329 - INFO - Found error keyword 'No Tuner Available' in line: 20250629 225101.456 [AWT-EventQueue-0] CRITICAL i.g.d.tuner.TunerManager - No Tuner Available  [37MB/56MB 67%]
2025-06-29 22:59:12,329 - INFO - Found error keyword 'ERROR' in line: 20250629 225102.789 [AWT-EventQueue-0] Exception i.g.d.source.SourceManager - Error getting source  [37MB/56MB 67%]
2025-06-29 22:59:12,329 - INFO - Found error keyword 'ERROR' in line: 20250629 225103.111 [AWT-EventQueue-0] ERROR i.g.d.usb.USBManager - USB error: Pipe error  [37MB/56MB 67%]
2025-06-29 22:59:12,330 - INFO - Found error keyword 'ERROR' in line: 20250629 225104.222 [AWT-EventQueue-0] ERROR i.g.d.audio.AudioManager - Buffer overflow  [37MB/56MB 67%]
2025-06-29 22:59:12,330 - INFO - Found error keyword 'ERROR' in line: 20250629 225105.333 [AWT-EventQueue-0] ERROR i.g.d.disk.DiskManager - Disk full  [37MB/56MB 67%]
2025-06-29 22:59:12,330 - INFO - Found error keyword 'ERROR' in line: 20250629 225106.444 [AWT-EventQueue-0] ERROR i.g.d.codec.AMBECodec - AMBE CODEC failed  [37MB/56MB 67%]
2025-06-29 22:59:12,330 - INFO - Found error keyword 'ERROR' in line: 20250629 225107.555 [AWT-EventQueue-0] ERROR i.g.d.audio.JMBEManager - JMBE audio conversion library failed  [37MB/56MB 67%]
2025-06-29 22:59:12,330 - INFO - Found error keyword 'ERROR' in line: 20250629 225108.666 [AWT-EventQueue-0] ERROR i.g.d.filter.FilterManager - Couldn't design final output low pass filter  [37MB/56MB 67%]
2025-06-29 22:59:12,330 - INFO - Found error keyword 'ERROR' in line: 20250629 225109.777 [AWT-EventQueue-0] ERROR i.g.d.log.ApplicationLog - NullPointerException  [37MB/56MB 67%]
2025-06-29 22:59:12,331 - INFO - Found error keyword 'ERROR' in line: 20250629 225110.888 [AWT-EventQueue-0] ERROR i.g.d.log.ApplicationLog - IndexOutOfBoundsException  [37MB/56MB 67%]
2025-06-29 22:59:12,331 - INFO - Log check complete: 130 total lines, 130 from today, 11 errors found
2025-06-29 22:59:12,332 - WARNING - Found 11 errors in log file
2025-06-29 22:59:12,332 - WARNING - Error: 20250629 225100.123 [AWT-EventQueue-0] ERROR i.g.d.audio.AudioManager - Audio error detected  [37MB/56MB 67%]
2025-06-29 22:59:12,332 - WARNING - Error: 20250629 225101.456 [AWT-EventQueue-0] CRITICAL i.g.d.tuner.TunerManager - No Tuner Available  [37MB/56MB 67%]
2025-06-29 22:59:12,332 - WARNING - Error: 20250629 225102.789 [AWT-EventQueue-0] Exception i.g.d.source.SourceManager - Error getting source  [37MB/56MB 67%]
2025-06-29 22:59:23,685 - INFO - Monitoring stopped by user
